This file contains any messages produced by compilers while
running configure, to aid debugging if configure makes a mistake.

It was created by libmutil configure 0.8.0, which was
generated by GNU Autoconf 2.69.  Invocation command line was

  $ /home/kamailio/minisip-ubuntu18.04/libmutil/configure --cache=/home/kamailio/minisip-ubuntu18.04/build/x86-pc-linux-gnu/config.cache --srcdir=/home/kamailio/minisip-ubuntu18.04/libmutil --prefix=/home/kamailio/minisip-ubuntu18.04/install/x86-pc-linux-gnu/usr --enable-maintainer-mode --disable-color-terminal --disable-test-suite --enable-shared --disable-memdebug --disable-static --disable-debug

## --------- ##
## Platform. ##
## --------- ##

hostname = kamailio-VirtualBox
uname -m = x86_64
uname -r = 4.15.0-20-generic
uname -s = Linux
uname -v = #21-Ubuntu SMP Tue Apr 24 06:16:15 UTC 2018

/usr/bin/uname -p = unknown
/bin/uname -X     = unknown

/bin/arch              = unknown
/usr/bin/arch -k       = unknown
/usr/convex/getsysinfo = unknown
/usr/bin/hostinfo      = unknown
/bin/machine           = unknown
/usr/bin/oslevel       = unknown
/bin/universe          = unknown

PATH: /usr/lib/ccache/bin
PATH: /usr/local/sbin
PATH: /usr/local/bin
PATH: /usr/sbin
PATH: /usr/bin
PATH: /sbin
PATH: /bin
PATH: /usr/games
PATH: /usr/local/games
PATH: /snap/bin


## ----------- ##
## Core tests. ##
## ----------- ##

configure:2490: creating cache /home/kamailio/minisip-ubuntu18.04/build/x86-pc-linux-gnu/config.cache
configure:2609: checking for a BSD-compatible install
configure:2677: result: /usr/bin/install -c
configure:2688: checking whether build environment is sane
configure:2738: result: yes
configure:2879: checking for a thread-safe mkdir -p
configure:2918: result: /bin/mkdir -p
configure:2931: checking for gawk
configure:2961: result: no
configure:2931: checking for mawk
configure:2947: found /usr/bin/mawk
configure:2958: result: mawk
configure:2969: checking whether make sets $(MAKE)
configure:2991: result: yes
configure:3013: checking build system type
configure:3027: result: x86_64-pc-linux-gnu
configure:3047: checking host system type
configure:3060: result: x86_64-pc-linux-gnu
configure:3092: checking for style of include used by make
configure:3120: result: GNU
configure:3191: checking for gcc
configure:3207: found /usr/bin/gcc
configure:3218: result: gcc
configure:3447: checking for C compiler version
configure:3456: gcc --version >&5
gcc (Ubuntu 7.3.0-16ubuntu3) 7.3.0
Copyright (C) 2017 Free Software Foundation, Inc.
This is free software; see the source for copying conditions.  There is NO
warranty; not even for MERCHANTABILITY or FITNESS FOR A PARTICULAR PURPOSE.

configure:3467: $? = 0
configure:3456: gcc -v >&5
Using built-in specs.
COLLECT_GCC=gcc
COLLECT_LTO_WRAPPER=/usr/lib/gcc/x86_64-linux-gnu/7/lto-wrapper
OFFLOAD_TARGET_NAMES=nvptx-none
OFFLOAD_TARGET_DEFAULT=1
Target: x86_64-linux-gnu
Configured with: ../src/configure -v --with-pkgversion='Ubuntu 7.3.0-16ubuntu3' --with-bugurl=file:///usr/share/doc/gcc-7/README.Bugs --enable-languages=c,ada,c++,go,brig,d,fortran,objc,obj-c++ --prefix=/usr --with-gcc-major-version-only --with-as=/usr/bin/x86_64-linux-gnu-as --with-ld=/usr/bin/x86_64-linux-gnu-ld --program-suffix=-7 --program-prefix=x86_64-linux-gnu- --enable-shared --enable-linker-build-id --libexecdir=/usr/lib --without-included-gettext --enable-threads=posix --libdir=/usr/lib --enable-nls --with-sysroot=/ --enable-clocale=gnu --enable-libstdcxx-debug --enable-libstdcxx-time=yes --with-default-libstdcxx-abi=new --enable-gnu-unique-object --disable-vtable-verify --enable-libmpx --enable-plugin --enable-default-pie --with-system-zlib --with-target-system-zlib --enable-objc-gc=auto --enable-multiarch --disable-werror --with-arch-32=i686 --with-abi=m64 --with-multilib-list=m32,m64,mx32 --enable-multilib --with-tune=generic --enable-offload-targets=nvptx-none --without-cuda-driver --enable-checking=release --build=x86_64-linux-gnu --host=x86_64-linux-gnu --target=x86_64-linux-gnu
Thread model: posix
gcc version 7.3.0 (Ubuntu 7.3.0-16ubuntu3) 
configure:3467: $? = 0
configure:3456: gcc -V >&5
gcc: error: unrecognized command line option '-V'
gcc: fatal error: no input files
compilation terminated.
configure:3467: $? = 1
configure:3456: gcc -qversion >&5
gcc: error: unrecognized command line option '-qversion'; did you mean '--version'?
gcc: fatal error: no input files
compilation terminated.
configure:3467: $? = 1
configure:3487: checking whether the C compiler works
configure:3509: gcc    conftest.c  >&5
configure:3513: $? = 0
configure:3561: result: yes
configure:3564: checking for C compiler default output file name
configure:3566: result: a.out
configure:3572: checking for suffix of executables
configure:3579: gcc -o conftest    conftest.c  >&5
configure:3583: $? = 0
configure:3605: result: 
configure:3627: checking whether we are cross compiling
configure:3635: gcc -o conftest    conftest.c  >&5
configure:3639: $? = 0
configure:3646: ./conftest
configure:3650: $? = 0
configure:3665: result: no
configure:3670: checking for suffix of object files
configure:3692: gcc -c   conftest.c >&5
configure:3696: $? = 0
configure:3717: result: o
configure:3721: checking whether we are using the GNU C compiler
configure:3740: gcc -c   conftest.c >&5
configure:3740: $? = 0
configure:3749: result: yes
configure:3758: checking whether gcc accepts -g
configure:3778: gcc -c -g  conftest.c >&5
configure:3778: $? = 0
configure:3819: result: yes
configure:3836: checking for gcc option to accept ISO C89
configure:3899: gcc  -c -g -O2  conftest.c >&5
configure:3899: $? = 0
configure:3912: result: none needed
configure:3934: checking dependency style of gcc
configure:4045: result: gcc3
configure:4066: checking how to run the C preprocessor
configure:4097: gcc -E  conftest.c
configure:4097: $? = 0
configure:4111: gcc -E  conftest.c
conftest.c:9:10: fatal error: ac_nonexistent.h: No such file or directory
 #include <ac_nonexistent.h>
          ^~~~~~~~~~~~~~~~~~
compilation terminated.
configure:4111: $? = 1
configure: failed program was:
| /* confdefs.h */
| #define PACKAGE_NAME "libmutil"
| #define PACKAGE_TARNAME "libmutil"
| #define PACKAGE_VERSION "0.8.0"
| #define PACKAGE_STRING "libmutil 0.8.0"
| #define PACKAGE_BUGREPORT "Erik Eliasson <eliasson@imit.kth.se>"
| #define PACKAGE_URL ""
| /* end confdefs.h.  */
| #include <ac_nonexistent.h>
configure:4136: result: gcc -E
configure:4156: gcc -E  conftest.c
configure:4156: $? = 0
configure:4170: gcc -E  conftest.c
conftest.c:9:10: fatal error: ac_nonexistent.h: No such file or directory
 #include <ac_nonexistent.h>
          ^~~~~~~~~~~~~~~~~~
compilation terminated.
configure:4170: $? = 1
configure: failed program was:
| /* confdefs.h */
| #define PACKAGE_NAME "libmutil"
| #define PACKAGE_TARNAME "libmutil"
| #define PACKAGE_VERSION "0.8.0"
| #define PACKAGE_STRING "libmutil 0.8.0"
| #define PACKAGE_BUGREPORT "Erik Eliasson <eliasson@imit.kth.se>"
| #define PACKAGE_URL ""
| /* end confdefs.h.  */
| #include <ac_nonexistent.h>
configure:4199: checking for grep that handles long lines and -e
configure:4257: result: /bin/grep
configure:4262: checking for egrep
configure:4324: result: /bin/grep -E
configure:4329: checking for ANSI C header files
configure:4349: gcc -c -g -O2  conftest.c >&5
configure:4349: $? = 0
configure:4422: gcc -o conftest -g -O2   conftest.c  >&5
configure:4422: $? = 0
configure:4422: ./conftest
configure:4422: $? = 0
configure:4433: result: yes
configure:4446: checking for sys/types.h
configure:4446: gcc -c -g -O2  conftest.c >&5
configure:4446: $? = 0
configure:4446: result: yes
configure:4446: checking for sys/stat.h
configure:4446: gcc -c -g -O2  conftest.c >&5
configure:4446: $? = 0
configure:4446: result: yes
configure:4446: checking for stdlib.h
configure:4446: gcc -c -g -O2  conftest.c >&5
configure:4446: $? = 0
configure:4446: result: yes
configure:4446: checking for string.h
configure:4446: gcc -c -g -O2  conftest.c >&5
configure:4446: $? = 0
configure:4446: result: yes
configure:4446: checking for memory.h
configure:4446: gcc -c -g -O2  conftest.c >&5
configure:4446: $? = 0
configure:4446: result: yes
configure:4446: checking for strings.h
configure:4446: gcc -c -g -O2  conftest.c >&5
configure:4446: $? = 0
configure:4446: result: yes
configure:4446: checking for inttypes.h
configure:4446: gcc -c -g -O2  conftest.c >&5
configure:4446: $? = 0
configure:4446: result: yes
configure:4446: checking for stdint.h
configure:4446: gcc -c -g -O2  conftest.c >&5
configure:4446: $? = 0
configure:4446: result: yes
configure:4446: checking for unistd.h
configure:4446: gcc -c -g -O2  conftest.c >&5
configure:4446: $? = 0
configure:4446: result: yes
configure:4465: error: source directory already configured; run "make distclean" there first

## ---------------- ##
## Cache variables. ##
## ---------------- ##

ac_cv_build=x86_64-pc-linux-gnu
ac_cv_c_compiler_gnu=yes
ac_cv_env_CCC_set=
ac_cv_env_CCC_value=
ac_cv_env_CC_set=
ac_cv_env_CC_value=
ac_cv_env_CFLAGS_set=
ac_cv_env_CFLAGS_value=
ac_cv_env_CPPFLAGS_set=set
ac_cv_env_CPPFLAGS_value=
ac_cv_env_CPP_set=
ac_cv_env_CPP_value=
ac_cv_env_CXXCPP_set=
ac_cv_env_CXXCPP_value=
ac_cv_env_CXXFLAGS_set=set
ac_cv_env_CXXFLAGS_value=' -Wall'
ac_cv_env_CXX_set=
ac_cv_env_CXX_value=
ac_cv_env_LDFLAGS_set=set
ac_cv_env_LDFLAGS_value=
ac_cv_env_LIBS_set=
ac_cv_env_LIBS_value=
ac_cv_env_LT_SYS_LIBRARY_PATH_set=
ac_cv_env_LT_SYS_LIBRARY_PATH_value=
ac_cv_env_build_alias_set=
ac_cv_env_build_alias_value=
ac_cv_env_host_alias_set=
ac_cv_env_host_alias_value=
ac_cv_env_target_alias_set=
ac_cv_env_target_alias_value=
ac_cv_header_inttypes_h=yes
ac_cv_header_memory_h=yes
ac_cv_header_stdc=yes
ac_cv_header_stdint_h=yes
ac_cv_header_stdlib_h=yes
ac_cv_header_string_h=yes
ac_cv_header_strings_h=yes
ac_cv_header_sys_stat_h=yes
ac_cv_header_sys_types_h=yes
ac_cv_header_unistd_h=yes
ac_cv_host=x86_64-pc-linux-gnu
ac_cv_objext=o
ac_cv_path_EGREP='/bin/grep -E'
ac_cv_path_GREP=/bin/grep
ac_cv_path_install='/usr/bin/install -c'
ac_cv_path_mkdir=/bin/mkdir
ac_cv_prog_AWK=mawk
ac_cv_prog_CPP='gcc -E'
ac_cv_prog_ac_ct_CC=gcc
ac_cv_prog_cc_c89=
ac_cv_prog_cc_g=yes
ac_cv_prog_make_make_set=yes
am_cv_CC_dependencies_compiler_type=gcc3

## ----------------- ##
## Output variables. ##
## ----------------- ##

ACLOCAL=''
ACLOCAL_FLAGS=' -I /home/kamailio/minisip-ubuntu18.04/libmutil/m4 -I /home/kamailio/minisip-ubuntu18.04/libmcrypto/m4 -I /home/kamailio/minisip-ubuntu18.04/libmnetutil/m4 -I /home/kamailio/minisip-ubuntu18.04/libmstun/m4 -I /home/kamailio/minisip-ubuntu18.04/libmikey/m4 -I /home/kamailio/minisip-ubuntu18.04/libmsip/m4 -I /home/kamailio/minisip-ubuntu18.04/libminisip/m4 -I /home/kamailio/minisip-ubuntu18.04/milbc/m4 -I /home/kamailio/minisip-ubuntu18.04/libzrtpcpp/m4 -I /home/kamailio/minisip-ubuntu18.04/ministun/m4 -I /home/kamailio/minisip-ubuntu18.04/minisip/m4 -I /home/kamailio/minisip-ubuntu18.04/libminisip-swig/m4 -I /home/kamailio/minisip-ubuntu18.04/install/x86-pc-linux-gnu/usr/share/aclocal'
AMDEPBACKSLASH='\'
AMDEP_FALSE='#'
AMDEP_TRUE=''
AMTAR=''
AR=''
AS=''
AUTOCONF=''
AUTOHEADER=''
AUTOMAKE=''
AWK='mawk'
CC='gcc'
CCDEPMODE='depmode=gcc3'
CFLAGS='-g -O2'
CPP='gcc -E'
CPPFLAGS=''
CXX=''
CXXCPP=''
CXXDEPMODE=''
CXXFLAGS=' -Wall'
CYGPATH_W=''
DEBUG_FALSE=''
DEBUG_TRUE=''
DEFS=''
DEPDIR='.deps'
DLLTOOL=''
DSYMUTIL=''
DUMPBIN=''
ECHO_C=''
ECHO_N='-n'
ECHO_T=''
EGREP='/bin/grep -E'
EXEEXT=''
EXTERNAL_CFLAGS=''
FGREP=''
GREP='/bin/grep'
HAVE_EXECINFO_H_FALSE=''
HAVE_EXECINFO_H_TRUE=''
HAVE_PTHREAD_FALSE=''
HAVE_PTHREAD_TRUE=''
INCLTDL=''
INSTALL_DATA='${INSTALL} -m 644'
INSTALL_PROGRAM='${INSTALL}'
INSTALL_SCRIPT='${INSTALL}'
INSTALL_STRIP_PROGRAM='$(install_sh) -c -s'
LD=''
LDFLAGS=''
LIBLTDL=''
LIBOBJS=''
LIBS=''
LIBTOOL=''
LIPO=''
LN_S=''
LTDLDEPS=''
LTDLINCL=''
LTLIBOBJS=''
LT_CURRENT_MINUS_AGE=''
LT_SYS_LIBRARY_PATH=''
LT_VERSION_INFO=''
MAINT=''
MAINTAINER_MODE_FALSE=''
MAINTAINER_MODE_TRUE=''
MAKEINFO=''
MANIFEST_TOOL=''
MINISIP_CFLAGS=''
MINISIP_LIBRARY_LDFLAGS=''
MINISIP_LIBS=''
MKDIR_P='/bin/mkdir -p'
MUTIL_MAJOR_VERSION=''
MUTIL_MICRO_VERSION=''
MUTIL_MINOR_VERSION=''
NM=''
NMEDIT=''
OBJDUMP=''
OBJEXT='o'
OS_WIN_FALSE=''
OS_WIN_TRUE=''
OTOOL64=''
OTOOL=''
PACKAGE=''
PACKAGE_BUGREPORT='Erik Eliasson <eliasson@imit.kth.se>'
PACKAGE_NAME='libmutil'
PACKAGE_STRING='libmutil 0.8.0'
PACKAGE_TARNAME='libmutil'
PACKAGE_URL=''
PACKAGE_VERSION='0.8.0'
PATH_SEPARATOR=':'
PTHREAD_CFLAGS=''
PTHREAD_LIBS=''
PTHREAD_PATH=''
RANLIB=''
SED=''
SET_MAKE=''
SHELL='/bin/bash'
STRIP=''
TEST_SUITE_FALSE=''
TEST_SUITE_TRUE=''
VERSION=''
WINDRES=''
ac_ct_AR=''
ac_ct_CC='gcc'
ac_ct_CXX=''
ac_ct_DUMPBIN=''
am__EXEEXT_FALSE=''
am__EXEEXT_TRUE=''
am__fastdepCC_FALSE='#'
am__fastdepCC_TRUE=''
am__fastdepCXX_FALSE=''
am__fastdepCXX_TRUE=''
am__include='include'
am__isrc=' -I$(srcdir)'
am__leading_dot='.'
am__nodep='_no'
am__quote=''
am__tar=''
am__untar=''
bindir='${exec_prefix}/bin'
build='x86_64-pc-linux-gnu'
build_alias=''
build_cpu='x86_64'
build_os='linux-gnu'
build_vendor='pc'
datadir='${datarootdir}'
datarootdir='${prefix}/share'
docdir='${datarootdir}/doc/${PACKAGE_TARNAME}'
dvidir='${docdir}'
exec_prefix='NONE'
host='x86_64-pc-linux-gnu'
host_alias=''
host_cpu='x86_64'
host_os='linux-gnu'
host_vendor='pc'
htmldir='${docdir}'
includedir='${prefix}/include'
infodir='${datarootdir}/info'
install_sh='${SHELL} /home/kamailio/minisip-ubuntu18.04/libmutil/config/install-sh'
libdir='${exec_prefix}/lib'
libexecdir='${exec_prefix}/libexec'
localedir='${datarootdir}/locale'
localstatedir='${prefix}/var'
mandir='${datarootdir}/man'
mkdir_p='/bin/mkdir -p'
oldincludedir='/usr/include'
pdfdir='${docdir}'
prefix='/home/kamailio/minisip-ubuntu18.04/install/x86-pc-linux-gnu/usr'
program_transform_name='s,x,x,'
psdir='${docdir}'
runstatedir='${localstatedir}/run'
sbindir='${exec_prefix}/sbin'
sharedstatedir='${prefix}/com'
subdirs=''
sysconfdir='${prefix}/etc'
target_alias=''

## ----------- ##
## confdefs.h. ##
## ----------- ##

/* confdefs.h */
#define PACKAGE_NAME "libmutil"
#define PACKAGE_TARNAME "libmutil"
#define PACKAGE_VERSION "0.8.0"
#define PACKAGE_STRING "libmutil 0.8.0"
#define PACKAGE_BUGREPORT "Erik Eliasson <eliasson@imit.kth.se>"
#define PACKAGE_URL ""
#define STDC_HEADERS 1
#define HAVE_SYS_TYPES_H 1
#define HAVE_SYS_STAT_H 1
#define HAVE_STDLIB_H 1
#define HAVE_STRING_H 1
#define HAVE_MEMORY_H 1
#define HAVE_STRINGS_H 1
#define HAVE_INTTYPES_H 1
#define HAVE_STDINT_H 1
#define HAVE_UNISTD_H 1

configure: exit 1
